1611045224241	geckodriver	INFO	Listening on 127.0.0.1:60388
1611045227262	mozrunner::runner	INFO	Running command: "C:\\Program Files\\Mozilla Firefox\\firefox.exe" "--marionette" "--headless" "window-size=1600x900" "-foreground" "-no-remote" "-profile" "C:\\Users\\manuo\\AppData\\Local\\Temp\\rust_mozprofileE0GMvd"
*** You are running in headless mode.
console.warn: SearchSettings: "get: No settings file exists, new profile?" (new Error("", "(unknown module)"))
1611045229780	Marionette	INFO	Listening on port 60396
1611045229952	Marionette	WARN	TLS certificate errors will be ignored for this session
JavaScript error: resource://gre/actors/AutoCompleteChild.jsm, line 125: Error: Invalid autocomplete selectedIndex
1611045235384	Marionette	INFO	Stopped listening on port 60396
1611045243216	geckodriver	INFO	Listening on 127.0.0.1:60524
1611045246276	mozrunner::runner	INFO	Running command: "C:\\Program Files\\Mozilla Firefox\\firefox.exe" "--marionette" "--headless" "window-size=1600x900" "-foreground" "-no-remote" "-profile" "C:\\Users\\manuo\\AppData\\Local\\Temp\\rust_mozprofile2IxvT4"
*** You are running in headless mode.
console.warn: SearchSettings: "get: No settings file exists, new profile?" (new Error("", "(unknown module)"))
1611045248406	Marionette	INFO	Listening on port 60534
1611045248440	Marionette	WARN	TLS certificate errors will be ignored for this session
1611045253448	Marionette	INFO	Stopped listening on port 60534
1611045441699	geckodriver	INFO	Listening on 127.0.0.1:60699
1611045444756	mozrunner::runner	INFO	Running command: "C:\\Program Files\\Mozilla Firefox\\firefox.exe" "--marionette" "--headless" "window-size=1600x900" "-foreground" "-no-remote" "-profile" "C:\\Users\\manuo\\AppData\\Local\\Temp\\rust_mozprofilehIdrTu"
*** You are running in headless mode.
console.warn: SearchSettings: "get: No settings file exists, new profile?" (new Error("", "(unknown module)"))
1611045449077	Marionette	INFO	Listening on port 60708
1611045449544	Marionette	WARN	TLS certificate errors will be ignored for this session
1611045542618	Marionette	INFO	Stopped listening on port 60708
1611045588737	geckodriver	INFO	Listening on 127.0.0.1:60814
1611045591766	mozrunner::runner	INFO	Running command: "C:\\Program Files\\Mozilla Firefox\\firefox.exe" "--marionette" "--headless" "window-size=1600x900" "-foreground" "-no-remote" "-profile" "C:\\Users\\manuo\\AppData\\Local\\Temp\\rust_mozprofile87RQMK"
*** You are running in headless mode.
console.warn: SearchSettings: "get: No settings file exists, new profile?" (new Error("", "(unknown module)"))
1611045593541	Marionette	INFO	Listening on port 60822
1611045593804	Marionette	WARN	TLS certificate errors will be ignored for this session
1611045598629	Marionette	INFO	Stopped listening on port 60822
1611045743773	geckodriver	INFO	Listening on 127.0.0.1:60999
1611045746811	mozrunner::runner	INFO	Running command: "C:\\Program Files\\Mozilla Firefox\\firefox.exe" "--marionette" "--headless" "window-size=1600x900" "-foreground" "-no-remote" "-profile" "C:\\Users\\manuo\\AppData\\Local\\Temp\\rust_mozprofilePm5oUv"
*** You are running in headless mode.
console.warn: SearchSettings: "get: No settings file exists, new profile?" (new Error("", "(unknown module)"))
1611045749099	Marionette	INFO	Listening on port 61007
1611045750697	Marionette	WARN	TLS certificate errors will be ignored for this session
1611045752871	Marionette	INFO	Stopped listening on port 61007
JavaScript error: resource://activity-stream/lib/ASRouter.jsm, line 987: NS_ERROR_ILLEGAL_VALUE: Component returned failure code: 0x80070057 (NS_ERROR_ILLEGAL_VALUE) [nsIObserverService.removeObserver]
1611045811754	geckodriver	INFO	Listening on 127.0.0.1:61108
1611045814786	mozrunner::runner	INFO	Running command: "C:\\Program Files\\Mozilla Firefox\\firefox.exe" "--marionette" "--headless" "window-size=1600x900" "-foreground" "-no-remote" "-profile" "C:\\Users\\manuo\\AppData\\Local\\Temp\\rust_mozprofileX7cbBd"
*** You are running in headless mode.
console.warn: SearchSettings: "get: No settings file exists, new profile?" (new Error("", "(unknown module)"))
1611045816424	Marionette	INFO	Listening on port 61117
1611045816823	Marionette	WARN	TLS certificate errors will be ignored for this session
1611045819546	Marionette	INFO	Stopped listening on port 61117
1611045862575	geckodriver	INFO	Listening on 127.0.0.1:61232
1611045865637	mozrunner::runner	INFO	Running command: "C:\\Program Files\\Mozilla Firefox\\firefox.exe" "--marionette" "--headless" "window-size=1600x900" "-foreground" "-no-remote" "-profile" "C:\\Users\\manuo\\AppData\\Local\\Temp\\rust_mozprofilerUHsQf"
*** You are running in headless mode.
console.warn: SearchSettings: "get: No settings file exists, new profile?" (new Error("", "(unknown module)"))
1611045869538	Marionette	INFO	Listening on port 61240
1611045869814	Marionette	WARN	TLS certificate errors will be ignored for this session
1611045873179	Marionette	INFO	Stopped listening on port 61240

###!!! [Parent][MessageChannel] Error: (msgtype=0x1F0011,name=PBackgroundStorage::Msg_Observe) Channel error: cannot send/recv


###!!! [Parent][MessageChannel] Error: (msgtype=0x1F0011,name=PBackgroundStorage::Msg_Observe) Channel error: cannot send/recv

1611045898162	geckodriver	INFO	Listening on 127.0.0.1:61341
1611045901193	mozrunner::runner	INFO	Running command: "C:\\Program Files\\Mozilla Firefox\\firefox.exe" "--marionette" "--headless" "window-size=1600x900" "-foreground" "-no-remote" "-profile" "C:\\Users\\manuo\\AppData\\Local\\Temp\\rust_mozprofileOx22oa"
*** You are running in headless mode.
console.warn: SearchSettings: "get: No settings file exists, new profile?" (new Error("", "(unknown module)"))
1611045902924	Marionette	INFO	Listening on port 61349
1611045903243	Marionette	WARN	TLS certificate errors will be ignored for this session
1611045906128	Marionette	INFO	Stopped listening on port 61349
1611045945775	geckodriver	INFO	Listening on 127.0.0.1:61464
1611045948847	mozrunner::runner	INFO	Running command: "C:\\Program Files\\Mozilla Firefox\\firefox.exe" "--marionette" "window-size=1600x900" "-foreground" "-no-remote" "-profile" "C:\\Users\\manuo\\AppData\\Local\\Temp\\rust_mozprofile22tcdl"
Can't find symbol 'eglSwapBuffersWithDamageEXT'.
Can't find symbol 'eglSetDamageRegionKHR'.
console.warn: SearchSettings: "get: No settings file exists, new profile?" (new Error("", "(unknown module)"))
1611045951312	Marionette	INFO	Listening on port 61473
1611045951514	Marionette	WARN	TLS certificate errors will be ignored for this session
JavaScript error: resource://gre/actors/AutoCompleteChild.jsm, line 125: Error: Invalid autocomplete selectedIndex
1611045954516	Marionette	INFO	Stopped listening on port 61473
1611046014100	geckodriver	INFO	Listening on 127.0.0.1:61604
1611046017152	mozrunner::runner	INFO	Running command: "C:\\Program Files\\Mozilla Firefox\\firefox.exe" "--marionette" "--headless" "window-size=1600x900" "-foreground" "-no-remote" "-profile" "C:\\Users\\manuo\\AppData\\Local\\Temp\\rust_mozprofilejLIeoq"
*** You are running in headless mode.
console.warn: SearchSettings: "get: No settings file exists, new profile?" (new Error("", "(unknown module)"))
1611046018832	Marionette	INFO	Listening on port 61613
1611046019188	Marionette	WARN	TLS certificate errors will be ignored for this session
1611046021313	Marionette	INFO	Stopped listening on port 61613
1611046059098	geckodriver	INFO	Listening on 127.0.0.1:61719
1611046062145	mozrunner::runner	INFO	Running command: "C:\\Program Files\\Mozilla Firefox\\firefox.exe" "--marionette" "window-size=1600x900" "-foreground" "-no-remote" "-profile" "C:\\Users\\manuo\\AppData\\Local\\Temp\\rust_mozprofileDLaFwG"
Can't find symbol 'eglSwapBuffersWithDamageEXT'.
Can't find symbol 'eglSetDamageRegionKHR'.
console.warn: SearchSettings: "get: No settings file exists, new profile?" (new Error("", "(unknown module)"))
1611046064515	Marionette	INFO	Listening on port 61727
1611046064808	Marionette	WARN	TLS certificate errors will be ignored for this session
1611046068614	Marionette	INFO	Stopped listening on port 61727

###!!! [Child][RunMessage] Error: Channel closing: too late to send/recv, messages will be lost

1611046693730	geckodriver	INFO	Listening on 127.0.0.1:61934
1611046696786	mozrunner::runner	INFO	Running command: "C:\\Program Files\\Mozilla Firefox\\firefox.exe" "--marionette" "window-size=1600x900" "-foreground" "-no-remote" "-profile" "C:\\Users\\manuo\\AppData\\Local\\Temp\\rust_mozprofilenmsKQ7"
Can't find symbol 'eglSwapBuffersWithDamageEXT'.
Can't find symbol 'eglSetDamageRegionKHR'.
console.warn: SearchSettings: "get: No settings file exists, new profile?" (new Error("", "(unknown module)"))
1611046701378	Marionette	INFO	Listening on port 61942
1611046701604	Marionette	WARN	TLS certificate errors will be ignored for this session
1611046706737	Marionette	INFO	Stopped listening on port 61942

###!!! [Child][RunMessage] Error: Channel closing: too late to send/recv, messages will be lost

1611047112514	geckodriver	INFO	Listening on 127.0.0.1:62127
1611047115562	mozrunner::runner	INFO	Running command: "C:\\Program Files\\Mozilla Firefox\\firefox.exe" "--marionette" "window-size=1600x900" "-foreground" "-no-remote" "-profile" "C:\\Users\\manuo\\AppData\\Local\\Temp\\rust_mozprofilem3WdiJ"
Can't find symbol 'eglSwapBuffersWithDamageEXT'.
Can't find symbol 'eglSetDamageRegionKHR'.
console.warn: SearchSettings: "get: No settings file exists, new profile?" (new Error("", "(unknown module)"))
1611047118340	Marionette	INFO	Listening on port 62136
1611047118721	Marionette	WARN	TLS certificate errors will be ignored for this session
1611047126646	Marionette	INFO	Stopped listening on port 62136

###!!! [Child][RunMessage] Error: Channel closing: too late to send/recv, messages will be lost

1611047196942	geckodriver	INFO	Listening on 127.0.0.1:62242
1611047199985	mozrunner::runner	INFO	Running command: "C:\\Program Files\\Mozilla Firefox\\firefox.exe" "--marionette" "window-size=1600x900" "-foreground" "-no-remote" "-profile" "C:\\Users\\manuo\\AppData\\Local\\Temp\\rust_mozprofilenQ8rMq"
Can't find symbol 'eglSwapBuffersWithDamageEXT'.
Can't find symbol 'eglSetDamageRegionKHR'.
console.warn: SearchSettings: "get: No settings file exists, new profile?" (new Error("", "(unknown module)"))
1611047203640	Marionette	INFO	Listening on port 62250
1611047205845	Marionette	WARN	TLS certificate errors will be ignored for this session
1611047211306	Marionette	INFO	Stopped listening on port 62250

###!!! [Child][RunMessage] Error: Channel closing: too late to send/recv, messages will be lost

1611047212178	geckodriver	INFO	Listening on 127.0.0.1:62331
1611047215218	mozrunner::runner	INFO	Running command: "C:\\Program Files\\Mozilla Firefox\\firefox.exe" "--marionette" "--headless" "window-size=1600x900" "-foreground" "-no-remote" "-profile" "C:\\Users\\manuo\\AppData\\Local\\Temp\\rust_mozprofilep6INWc"
*** You are running in headless mode.
console.warn: SearchSettings: "get: No settings file exists, new profile?" (new Error("", "(unknown module)"))
1611047216708	Marionette	INFO	Listening on port 62339
1611047216751	Marionette	WARN	TLS certificate errors will be ignored for this session
JavaScript error: resource://gre/actors/AutoCompleteChild.jsm, line 125: Error: Invalid autocomplete selectedIndex
1611047219472	Marionette	INFO	Stopped listening on port 62339

###!!! [Parent][MessageChannel] Error: (msgtype=0x1F0011,name=PBackgroundStorage::Msg_Observe) Channel error: cannot send/recv


###!!! [Parent][MessageChannel] Error: (msgtype=0x1F0011,name=PBackgroundStorage::Msg_Observe) Channel error: cannot send/recv

1611047340149	geckodriver	INFO	Listening on 127.0.0.1:62457
1611047343189	mozrunner::runner	INFO	Running command: "C:\\Program Files\\Mozilla Firefox\\firefox.exe" "--marionette" "window-size=1600x900" "-foreground" "-no-remote" "-profile" "C:\\Users\\manuo\\AppData\\Local\\Temp\\rust_mozprofilepzjF8N"
Can't find symbol 'eglSwapBuffersWithDamageEXT'.
Can't find symbol 'eglSetDamageRegionKHR'.
console.warn: SearchSettings: "get: No settings file exists, new profile?" (new Error("", "(unknown module)"))
1611047346728	Marionette	INFO	Listening on port 62472
1611047346867	Marionette	WARN	TLS certificate errors will be ignored for this session
1611047354390	Marionette	INFO	Stopped listening on port 62472

###!!! [Child][RunMessage] Error: Channel closing: too late to send/recv, messages will be lost

1611047355793	geckodriver	INFO	Listening on 127.0.0.1:62564
1611047358846	mozrunner::runner	INFO	Running command: "C:\\Program Files\\Mozilla Firefox\\firefox.exe" "--marionette" "--headless" "window-size=1600x900" "-foreground" "-no-remote" "-profile" "C:\\Users\\manuo\\AppData\\Local\\Temp\\rust_mozprofileMLZIoB"
*** You are running in headless mode.
console.warn: SearchSettings: "get: No settings file exists, new profile?" (new Error("", "(unknown module)"))
1611047360557	Marionette	INFO	Listening on port 62575
1611047360894	Marionette	WARN	TLS certificate errors will be ignored for this session
JavaScript error: resource://gre/actors/AutoCompleteChild.jsm, line 125: Error: Invalid autocomplete selectedIndex
1611047363813	Marionette	INFO	Stopped listening on port 62575
1611047411437	geckodriver	INFO	Listening on 127.0.0.1:62709
1611047414470	mozrunner::runner	INFO	Running command: "C:\\Program Files\\Mozilla Firefox\\firefox.exe" "--marionette" "--headless" "window-size=1600x900" "-foreground" "-no-remote" "-profile" "C:\\Users\\manuo\\AppData\\Local\\Temp\\rust_mozprofileJtIT5x"
*** You are running in headless mode.
console.warn: SearchSettings: "get: No settings file exists, new profile?" (new Error("", "(unknown module)"))
1611047416182	Marionette	INFO	Listening on port 62717
1611047416525	Marionette	WARN	TLS certificate errors will be ignored for this session
JavaScript error: resource://gre/actors/AutoCompleteChild.jsm, line 125: Error: Invalid autocomplete selectedIndex
1611047418701	Marionette	INFO	Stopped listening on port 62717
1611047472861	geckodriver	INFO	Listening on 127.0.0.1:62842
1611047475918	mozrunner::runner	INFO	Running command: "C:\\Program Files\\Mozilla Firefox\\firefox.exe" "--marionette" "window-size=1600x900" "-foreground" "-no-remote" "-profile" "C:\\Users\\manuo\\AppData\\Local\\Temp\\rust_mozprofilevBsP22"
Can't find symbol 'eglSwapBuffersWithDamageEXT'.
Can't find symbol 'eglSetDamageRegionKHR'.
console.warn: SearchSettings: "get: No settings file exists, new profile?" (new Error("", "(unknown module)"))
1611047478254	Marionette	INFO	Listening on port 62851
1611047478589	Marionette	WARN	TLS certificate errors will be ignored for this session
JavaScript error: resource://gre/actors/AutoCompleteChild.jsm, line 125: Error: Invalid autocomplete selectedIndex
1611047481425	Marionette	INFO	Stopped listening on port 62851

###!!! [Child][RunMessage] Error: Channel closing: too late to send/recv, messages will be lost

1611047535298	geckodriver	INFO	Listening on 127.0.0.1:62987
1611047538343	mozrunner::runner	INFO	Running command: "C:\\Program Files\\Mozilla Firefox\\firefox.exe" "--marionette" "window-size=1600x900" "-foreground" "-no-remote" "-profile" "C:\\Users\\manuo\\AppData\\Local\\Temp\\rust_mozprofilePbmvIt"
Can't find symbol 'eglSwapBuffersWithDamageEXT'.
Can't find symbol 'eglSetDamageRegionKHR'.
console.warn: SearchSettings: "get: No settings file exists, new profile?" (new Error("", "(unknown module)"))
1611047540673	Marionette	INFO	Listening on port 62995
1611047540997	Marionette	WARN	TLS certificate errors will be ignored for this session
JavaScript error: resource://gre/actors/AutoCompleteChild.jsm, line 125: Error: Invalid autocomplete selectedIndex
1611047543913	Marionette	INFO	Stopped listening on port 62995

###!!! [Child][RunMessage] Error: Channel closing: too late to send/recv, messages will be lost

1611047544802	geckodriver	INFO	Listening on 127.0.0.1:63111
1611047547840	mozrunner::runner	INFO	Running command: "C:\\Program Files\\Mozilla Firefox\\firefox.exe" "--marionette" "--headless" "window-size=1600x900" "-foreground" "-no-remote" "-profile" "C:\\Users\\manuo\\AppData\\Local\\Temp\\rust_mozprofileUfhekd"
*** You are running in headless mode.
console.warn: SearchSettings: "get: No settings file exists, new profile?" (new Error("", "(unknown module)"))
1611047549451	Marionette	INFO	Listening on port 63119
1611047549878	Marionette	WARN	TLS certificate errors will be ignored for this session
1611047554587	Marionette	INFO	Stopped listening on port 63119
1611047886099	geckodriver	INFO	Listening on 127.0.0.1:63267
1611047889154	mozrunner::runner	INFO	Running command: "C:\\Program Files\\Mozilla Firefox\\firefox.exe" "--marionette" "--headless" "window-size=1600x900" "-foreground" "-no-remote" "-profile" "C:\\Users\\manuo\\AppData\\Local\\Temp\\rust_mozprofileSoow6g"
*** You are running in headless mode.
console.warn: SearchSettings: "get: No settings file exists, new profile?" (new Error("", "(unknown module)"))
1611047892320	Marionette	INFO	Listening on port 63279
1611047892802	Marionette	WARN	TLS certificate errors will be ignored for this session
JavaScript error: resource://gre/actors/AutoCompleteChild.jsm, line 125: Error: Invalid autocomplete selectedIndex
1611047895974	Marionette	INFO	Stopped listening on port 63279
1611047896853	geckodriver	INFO	Listening on 127.0.0.1:63399
1611047899898	mozrunner::runner	INFO	Running command: "C:\\Program Files\\Mozilla Firefox\\firefox.exe" "--marionette" "--headless" "window-size=1600x900" "-foreground" "-no-remote" "-profile" "C:\\Users\\manuo\\AppData\\Local\\Temp\\rust_mozprofilefQhA9L"
*** You are running in headless mode.
console.warn: SearchSettings: "get: No settings file exists, new profile?" (new Error("", "(unknown module)"))
1611047904468	Marionette	INFO	Listening on port 63409
1611047904686	Marionette	WARN	TLS certificate errors will be ignored for this session
1611047909728	Marionette	INFO	Stopped listening on port 63409
1611047987138	geckodriver	INFO	Listening on 127.0.0.1:63524
1611047990178	mozrunner::runner	INFO	Running command: "C:\\Program Files\\Mozilla Firefox\\firefox.exe" "--marionette" "--headless" "window-size=1600x900" "-foreground" "-no-remote" "-profile" "C:\\Users\\manuo\\AppData\\Local\\Temp\\rust_mozprofileFehXrN"
*** You are running in headless mode.
console.warn: SearchSettings: "get: No settings file exists, new profile?" (new Error("", "(unknown module)"))
1611047991792	Marionette	INFO	Listening on port 63532
1611047992216	Marionette	WARN	TLS certificate errors will be ignored for this session
JavaScript error: resource://gre/actors/AutoCompleteChild.jsm, line 125: Error: Invalid autocomplete selectedIndex
1611047994503	Marionette	INFO	Stopped listening on port 63532
1611047995347	geckodriver	INFO	Listening on 127.0.0.1:63640
1611047998410	mozrunner::runner	INFO	Running command: "C:\\Program Files\\Mozilla Firefox\\firefox.exe" "--marionette" "--headless" "window-size=1600x900" "-foreground" "-no-remote" "-profile" "C:\\Users\\manuo\\AppData\\Local\\Temp\\rust_mozprofile0BSJFW"
*** You are running in headless mode.
console.warn: SearchSettings: "get: No settings file exists, new profile?" (new Error("", "(unknown module)"))
1611048000062	Marionette	INFO	Listening on port 63648
1611048000465	Marionette	WARN	TLS certificate errors will be ignored for this session
1611048005118	Marionette	INFO	Stopped listening on port 63648
1611048162007	geckodriver	INFO	Listening on 127.0.0.1:63743
1611048165056	mozrunner::runner	INFO	Running command: "C:\\Program Files\\Mozilla Firefox\\firefox.exe" "--marionette" "--headless" "window-size=1600x900" "-foreground" "-no-remote" "-profile" "C:\\Users\\manuo\\AppData\\Local\\Temp\\rust_mozprofilecJYUZW"
*** You are running in headless mode.
console.warn: SearchSettings: "get: No settings file exists, new profile?" (new Error("", "(unknown module)"))
1611048168913	Marionette	INFO	Listening on port 63751
1611048169203	Marionette	WARN	TLS certificate errors will be ignored for this session
JavaScript error: resource://gre/actors/AutoCompleteChild.jsm, line 125: Error: Invalid autocomplete selectedIndex
1611048171407	Marionette	INFO	Stopped listening on port 63751
1611048363497	geckodriver	INFO	Listening on 127.0.0.1:64026
1611048366551	mozrunner::runner	INFO	Running command: "C:\\Program Files\\Mozilla Firefox\\firefox.exe" "--marionette" "--headless" "window-size=1600x900" "-foreground" "-no-remote" "-profile" "C:\\Users\\manuo\\AppData\\Local\\Temp\\rust_mozprofilekMYs9A"
*** You are running in headless mode.
console.warn: SearchSettings: "get: No settings file exists, new profile?" (new Error("", "(unknown module)"))
1611048368152	Marionette	INFO	Listening on port 64034
1611048368587	Marionette	WARN	TLS certificate errors will be ignored for this session
JavaScript error: resource://gre/actors/AutoCompleteChild.jsm, line 125: Error: Invalid autocomplete selectedIndex
1611048370996	Marionette	INFO	Stopped listening on port 64034
1611048549838	geckodriver	INFO	Listening on 127.0.0.1:64196
1611048552888	mozrunner::runner	INFO	Running command: "C:\\Program Files\\Mozilla Firefox\\firefox.exe" "--marionette" "--headless" "window-size=1600x900" "-foreground" "-no-remote" "-profile" "C:\\Users\\manuo\\AppData\\Local\\Temp\\rust_mozprofileiTYJDc"
*** You are running in headless mode.
console.warn: SearchSettings: "get: No settings file exists, new profile?" (new Error("", "(unknown module)"))
1611048554412	Marionette	INFO	Listening on port 64204
1611048554931	Marionette	WARN	TLS certificate errors will be ignored for this session
JavaScript error: resource://gre/actors/AutoCompleteChild.jsm, line 125: Error: Invalid autocomplete selectedIndex
1611048557040	Marionette	INFO	Stopped listening on port 64204

###!!! [Parent][MessageChannel] Error: (msgtype=0x1F0011,name=PBackgroundStorage::Msg_Observe) Channel error: cannot send/recv


###!!! [Parent][MessageChannel] Error: (msgtype=0x1F0011,name=PBackgroundStorage::Msg_Observe) Channel error: cannot send/recv


###!!! [Parent][RunMessage] Error: Channel closing: too late to send/recv, messages will be lost

1611048650204	geckodriver	INFO	Listening on 127.0.0.1:64338
1611048653261	mozrunner::runner	INFO	Running command: "C:\\Program Files\\Mozilla Firefox\\firefox.exe" "--marionette" "--headless" "window-size=1600x900" "-foreground" "-no-remote" "-profile" "C:\\Users\\manuo\\AppData\\Local\\Temp\\rust_mozprofilegKSNTE"
*** You are running in headless mode.
console.warn: SearchSettings: "get: No settings file exists, new profile?" (new Error("", "(unknown module)"))
1611048655466	Marionette	INFO	Listening on port 64346
1611048657113	Marionette	WARN	TLS certificate errors will be ignored for this session
JavaScript error: resource://gre/actors/AutoCompleteChild.jsm, line 125: Error: Invalid autocomplete selectedIndex
1611048659594	Marionette	INFO	Stopped listening on port 64346
1611048703375	geckodriver	INFO	Listening on 127.0.0.1:64577
1611048706424	mozrunner::runner	INFO	Running command: "C:\\Program Files\\Mozilla Firefox\\firefox.exe" "--marionette" "--headless" "window-size=1600x900" "-foreground" "-no-remote" "-profile" "C:\\Users\\manuo\\AppData\\Local\\Temp\\rust_mozprofileSBOGCZ"
*** You are running in headless mode.
console.warn: SearchSettings: "get: No settings file exists, new profile?" (new Error("", "(unknown module)"))
1611048707993	Marionette	INFO	Listening on port 64585
1611048708471	Marionette	WARN	TLS certificate errors will be ignored for this session
JavaScript error: resource://gre/actors/AutoCompleteChild.jsm, line 125: Error: Invalid autocomplete selectedIndex
1611048710554	Marionette	INFO	Stopped listening on port 64585
1611048761779	geckodriver	INFO	Listening on 127.0.0.1:64809
1611048764829	mozrunner::runner	INFO	Running command: "C:\\Program Files\\Mozilla Firefox\\firefox.exe" "--marionette" "--headless" "window-size=1600x900" "-foreground" "-no-remote" "-profile" "C:\\Users\\manuo\\AppData\\Local\\Temp\\rust_mozprofileoSTfAc"
*** You are running in headless mode.
console.warn: SearchSettings: "get: No settings file exists, new profile?" (new Error("", "(unknown module)"))
1611048766428	Marionette	INFO	Listening on port 64817
1611048766866	Marionette	WARN	TLS certificate errors will be ignored for this session
JavaScript error: resource://gre/actors/AutoCompleteChild.jsm, line 125: Error: Invalid autocomplete selectedIndex
1611048769169	Marionette	INFO	Stopped listening on port 64817
1611048953821	geckodriver	INFO	Listening on 127.0.0.1:65002
1611048956862	mozrunner::runner	INFO	Running command: "C:\\Program Files\\Mozilla Firefox\\firefox.exe" "--marionette" "--headless" "window-size=1600x900" "-foreground" "-no-remote" "-profile" "C:\\Users\\manuo\\AppData\\Local\\Temp\\rust_mozprofileC43lsA"
*** You are running in headless mode.
console.warn: SearchSettings: "get: No settings file exists, new profile?" (new Error("", "(unknown module)"))
1611048958592	Marionette	INFO	Listening on port 65010
1611048958883	Marionette	WARN	TLS certificate errors will be ignored for this session
1611048962935	Marionette	INFO	Stopped listening on port 65010
1611048990747	geckodriver	INFO	Listening on 127.0.0.1:65196
1611048993788	mozrunner::runner	INFO	Running command: "C:\\Program Files\\Mozilla Firefox\\firefox.exe" "--marionette" "--headless" "window-size=1600x900" "-foreground" "-no-remote" "-profile" "C:\\Users\\manuo\\AppData\\Local\\Temp\\rust_mozprofiled6gssU"
*** You are running in headless mode.
console.warn: SearchSettings: "get: No settings file exists, new profile?" (new Error("", "(unknown module)"))
1611048996819	Marionette	INFO	Listening on port 65204
1611048996921	Marionette	WARN	TLS certificate errors will be ignored for this session
JavaScript error: resource://gre/actors/AutoCompleteChild.jsm, line 125: Error: Invalid autocomplete selectedIndex
1611049000540	Marionette	INFO	Stopped listening on port 65204
1611049113383	geckodriver	INFO	Listening on 127.0.0.1:65424
1611049116445	mozrunner::runner	INFO	Running command: "C:\\Program Files\\Mozilla Firefox\\firefox.exe" "--marionette" "--headless" "window-size=1600x900" "-foreground" "-no-remote" "-profile" "C:\\Users\\manuo\\AppData\\Local\\Temp\\rust_mozprofile04Ng9M"
*** You are running in headless mode.
console.warn: SearchSettings: "get: No settings file exists, new profile?" (new Error("", "(unknown module)"))
1611049118352	Marionette	INFO	Listening on port 65432
1611049118526	Marionette	WARN	TLS certificate errors will be ignored for this session
JavaScript error: resource://gre/actors/AutoCompleteChild.jsm, line 125: Error: Invalid autocomplete selectedIndex
1611049121088	Marionette	INFO	Stopped listening on port 65432
1611049249362	geckodriver	INFO	Listening on 127.0.0.1:49274
1611049252433	mozrunner::runner	INFO	Running command: "C:\\Program Files\\Mozilla Firefox\\firefox.exe" "--marionette" "--headless" "window-size=1600x900" "-foreground" "-no-remote" "-profile" "C:\\Users\\manuo\\AppData\\Local\\Temp\\rust_mozprofile2qqy6O"
*** You are running in headless mode.
console.warn: SearchSettings: "get: No settings file exists, new profile?" (new Error("", "(unknown module)"))
1611049254915	Marionette	INFO	Listening on port 49282
1611049255094	Marionette	WARN	TLS certificate errors will be ignored for this session
JavaScript error: resource://gre/actors/AutoCompleteChild.jsm, line 125: Error: Invalid autocomplete selectedIndex
1611049257749	Marionette	INFO	Stopped listening on port 49282
1611049280333	geckodriver	INFO	Listening on 127.0.0.1:49410
1611049283404	mozrunner::runner	INFO	Running command: "C:\\Program Files\\Mozilla Firefox\\firefox.exe" "--marionette" "--headless" "window-size=1600x900" "-foreground" "-no-remote" "-profile" "C:\\Users\\manuo\\AppData\\Local\\Temp\\rust_mozprofilebFmCmQ"
*** You are running in headless mode.
console.warn: SearchSettings: "get: No settings file exists, new profile?" (new Error("", "(unknown module)"))
1611049284973	Marionette	INFO	Listening on port 49419
1611049285461	Marionette	WARN	TLS certificate errors will be ignored for this session
JavaScript error: resource://gre/actors/AutoCompleteChild.jsm, line 125: Error: Invalid autocomplete selectedIndex
1611049287731	Marionette	INFO	Stopped listening on port 49419
1611049312018	geckodriver	INFO	Listening on 127.0.0.1:49593
1611049315072	mozrunner::runner	INFO	Running command: "C:\\Program Files\\Mozilla Firefox\\firefox.exe" "--marionette" "--headless" "window-size=1600x900" "-foreground" "-no-remote" "-profile" "C:\\Users\\manuo\\AppData\\Local\\Temp\\rust_mozprofileUDDNFc"
*** You are running in headless mode.
console.warn: SearchSettings: "get: No settings file exists, new profile?" (new Error("", "(unknown module)"))
1611049317888	Marionette	INFO	Listening on port 49601
1611049318214	Marionette	WARN	TLS certificate errors will be ignored for this session
1611049325260	Marionette	INFO	Stopped listening on port 49601
1611049465994	geckodriver	INFO	Listening on 127.0.0.1:49793
1611049469056	mozrunner::runner	INFO	Running command: "C:\\Program Files\\Mozilla Firefox\\firefox.exe" "--marionette" "--headless" "window-size=1600x900" "-foreground" "-no-remote" "-profile" "C:\\Users\\manuo\\AppData\\Local\\Temp\\rust_mozprofileqiPAdR"
*** You are running in headless mode.
console.warn: SearchSettings: "get: No settings file exists, new profile?" (new Error("", "(unknown module)"))
1611049472143	Marionette	INFO	Listening on port 49801
1611049473407	Marionette	WARN	TLS certificate errors will be ignored for this session
1611049477534	Marionette	INFO	Stopped listening on port 49801
1611049509264	geckodriver	INFO	Listening on 127.0.0.1:49889
1611049512310	mozrunner::runner	INFO	Running command: "C:\\Program Files\\Mozilla Firefox\\firefox.exe" "--marionette" "--headless" "window-size=1600x900" "-foreground" "-no-remote" "-profile" "C:\\Users\\manuo\\AppData\\Local\\Temp\\rust_mozprofileoWm11f"
*** You are running in headless mode.
console.warn: SearchSettings: "get: No settings file exists, new profile?" (new Error("", "(unknown module)"))
1611049513947	Marionette	INFO	Listening on port 49897
1611049514355	Marionette	WARN	TLS certificate errors will be ignored for this session
1611049519314	Marionette	INFO	Stopped listening on port 49897
1611049539200	geckodriver	INFO	Listening on 127.0.0.1:50036
1611049542282	mozrunner::runner	INFO	Running command: "C:\\Program Files\\Mozilla Firefox\\firefox.exe" "--marionette" "--headless" "window-size=1600x900" "-foreground" "-no-remote" "-profile" "C:\\Users\\manuo\\AppData\\Local\\Temp\\rust_mozprofile3S6U3b"
*** You are running in headless mode.
console.warn: SearchSettings: "get: No settings file exists, new profile?" (new Error("", "(unknown module)"))
1611049545093	Marionette	INFO	Listening on port 50044
1611049545423	Marionette	WARN	TLS certificate errors will be ignored for this session
1611049549717	Marionette	INFO	Stopped listening on port 50044
1611049897237	geckodriver	INFO	Listening on 127.0.0.1:50300
1611049900309	mozrunner::runner	INFO	Running command: "C:\\Program Files\\Mozilla Firefox\\firefox.exe" "--marionette" "--headless" "window-size=1600x900" "-foreground" "-no-remote" "-profile" "C:\\Users\\manuo\\AppData\\Local\\Temp\\rust_mozprofileemLGcn"
*** You are running in headless mode.
console.warn: SearchSettings: "get: No settings file exists, new profile?" (new Error("", "(unknown module)"))
1611049903354	Marionette	INFO	Listening on port 50308
1611049903475	Marionette	WARN	TLS certificate errors will be ignored for this session
1611049908395	Marionette	INFO	Stopped listening on port 50308
1611050251604	geckodriver	INFO	Listening on 127.0.0.1:50750
1611050254622	mozrunner::runner	INFO	Running command: "C:\\Program Files\\Mozilla Firefox\\firefox.exe" "--marionette" "--headless" "window-size=1600x900" "-foreground" "-no-remote" "-profile" "C:\\Users\\manuo\\AppData\\Local\\Temp\\rust_mozprofileiUeVD6"
*** You are running in headless mode.
console.warn: SearchSettings: "get: No settings file exists, new profile?" (new Error("", "(unknown module)"))
1611050256778	Marionette	INFO	Listening on port 50758
1611050257293	Marionette	WARN	TLS certificate errors will be ignored for this session
1611050261923	Marionette	INFO	Stopped listening on port 50758
1611083167545	geckodriver	INFO	Listening on 127.0.0.1:62972
1611083170584	mozrunner::runner	INFO	Running command: "C:\\Program Files\\Mozilla Firefox\\firefox.exe" "--marionette" "--headless" "window-size=1600x900" "-foreground" "-no-remote" "-profile" "C:\\Users\\manuo\\AppData\\Local\\Temp\\rust_mozprofileiC8oUg"
*** You are running in headless mode.
console.warn: SearchSettings: "get: No settings file exists, new profile?" (new Error("", "(unknown module)"))
1611083172264	Marionette	INFO	Listening on port 62984
1611083172651	Marionette	WARN	TLS certificate errors will be ignored for this session
Marionette threw an error: NotFoundError: WindowGlobalParent.getActor: No such JSWindowActor 'MarionetteCommands'
getMarionetteCommandsActorProxy/get/<@chrome://marionette/content/actors/MarionetteCommandsParent.jsm:330:69
GeckoDriver.prototype.deleteSession@chrome://marionette/content/driver.js:3034:17
onClosed@chrome://marionette/content/server.js:196:17
close@chrome://marionette/content/transport.js:225:18
onInputStreamReady@chrome://marionette/content/transport.js:379:14

Exiting due to channel error.
Exiting due to channel error.
11083371171	mozrunner::runner	INFO	Running command: "C:\\Program Files\\Mozilla Firefox\\firefox.exe" "--marionette" "--headless" "window-size=1600x900" "-foreground" "-no-remote" "-profile" "C:\\Users\\manuo\\AppData\\Local\\Temp\\rust_mozprofileYs4WhY"
*** You are running in headless mode.
console.warn: SearchSettings: "get: No settings file exists, new profile?" (new Error("", "(unknown module)"))
1611083374298	Marionette	INFO	Listening on port 63107
1611083374807	Marionette	WARN	TLS certificate errors will be ignored for this session
JavaScript error: resource://gre/actors/AutoCompleteChild.jsm, line 125: Error: Invalid autocomplete selectedIndex
1611083380939	Marionette	INFO	Stopped listening on port 63107
1611083475356	geckodriver	INFO	Listening on 127.0.0.1:63298
1611083478358	mozrunner::runner	INFO	Running command: "C:\\Program Files\\Mozilla Firefox\\firefox.exe" "--marionette" "--headless" "window-size=1600x900" "-foreground" "-no-remote" "-profile" "C:\\Users\\manuo\\AppData\\Local\\Temp\\rust_mozprofileXzDnEx"
*** You are running in headless mode.
console.warn: SearchSettings: "get: No settings file exists, new profile?" (new Error("", "(unknown module)"))
1611083482166	Marionette	INFO	Listening on port 63308
1611083482550	Marionette	WARN	TLS certificate errors will be ignored for this session
JavaScript error: resource://gre/actors/AutoCompleteChild.jsm, line 125: Error: Invalid autocomplete selectedIndex
1611083487483	Marionette	INFO	Stopped listening on port 63308
1611085636540	geckodriver	INFO	Listening on 127.0.0.1:63786
1611085639597	mozrunner::runner	INFO	Running command: "C:\\Program Files\\Mozilla Firefox\\firefox.exe" "--marionette" "--headless" "window-size=1600x900" "-foreground" "-no-remote" "-profile" "C:\\Users\\manuo\\AppData\\Local\\Temp\\rust_mozprofileUpXelV"
*** You are running in headless mode.
console.warn: SearchSettings: "get: No settings file exists, new profile?" (new Error("", "(unknown module)"))
1611085641585	Marionette	INFO	Listening on port 63797
1611085641660	Marionette	WARN	TLS certificate errors will be ignored for this session
JavaScript error: resource://gre/actors/AutoCompleteChild.jsm, line 125: Error: Invalid autocomplete selectedIndex
1611085647177	Marionette	INFO	Stopped listening on port 63797
JavaScript error: resource://activity-stream/lib/ASRouter.jsm, line 987: NS_ERROR_ILLEGAL_VALUE: Component returned failure code: 0x80070057 (NS_ERROR_ILLEGAL_VALUE) [nsIObserverService.removeObserver]
1611085647983	geckodriver	INFO	Listening on 127.0.0.1:63870
1611085651036	mozrunner::runner	INFO	Running command: "C:\\Program Files\\Mozilla Firefox\\firefox.exe" "--marionette" "--headless" "window-size=1600x900" "-foreground" "-no-remote" "-profile" "C:\\Users\\manuo\\AppData\\Local\\Temp\\rust_mozprofilehGcBdC"
*** You are running in headless mode.
console.warn: SearchSettings: "get: No settings file exists, new profile?" (new Error("", "(unknown module)"))
1611085652652	Marionette	INFO	Listening on port 63878
1611085653066	Marionette	WARN	TLS certificate errors will be ignored for this session
1611085659933	Marionette	INFO	Stopped listening on port 63878
1611144653722	geckodriver	INFO	Listening on 127.0.0.1:51395
1611144656783	mozrunner::runner	INFO	Running command: "C:\\Program Files\\Mozilla Firefox\\firefox.exe" "--marionette" "--headless" "window-size=1600x900" "-foreground" "-no-remote" "-profile" "C:\\Users\\manuo\\AppData\\Local\\Temp\\rust_mozprofilex8FDzz"
*** You are running in headless mode.
console.warn: SearchSettings: "get: No settings file exists, new profile?" (new Error("", "(unknown module)"))
1611144658730	Marionette	INFO	Listening on port 51403
1611144658824	Marionette	WARN	TLS certificate errors will be ignored for this session
JavaScript error: resource://gre/actors/AutoCompleteChild.jsm, line 125: Error: Invalid autocomplete selectedIndex
1611144664318	Marionette	INFO	Stopped listening on port 51403
JavaScript error: resource://activity-stream/lib/ASRouter.jsm, line 987: NS_ERROR_ILLEGAL_VALUE: Component returned failure code: 0x80070057 (NS_ERROR_ILLEGAL_VALUE) [nsIObserverService.removeObserver]
1611144665482	geckodriver	INFO	Listening on 127.0.0.1:51465
1611144668559	mozrunner::runner	INFO	Running command: "C:\\Program Files\\Mozilla Firefox\\firefox.exe" "--marionette" "--headless" "window-size=1600x900" "-foreground" "-no-remote" "-profile" "C:\\Users\\manuo\\AppData\\Local\\Temp\\rust_mozprofileROXes8"
*** You are running in headless mode.
console.warn: SearchSettings: "get: No settings file exists, new profile?" (new Error("", "(unknown module)"))
1611144670270	Marionette	INFO	Listening on port 51473
1611144670597	Marionette	WARN	TLS certificate errors will be ignored for this session
1611144680140	Marionette	INFO	Stopped listening on port 51473
1611185177678	geckodriver	INFO	Listening on 127.0.0.1:56123
1611185180756	mozrunner::runner	INFO	Running command: "C:\\Program Files\\Mozilla Firefox\\firefox.exe" "--marionette" "--headless" "window-size=1600x900" "-foreground" "-no-remote" "-profile" "C:\\Users\\manuo\\AppData\\Local\\Temp\\rust_mozprofileCWrSrb"
*** You are running in headless mode.
console.warn: SearchSettings: "get: No settings file exists, new profile?" (new Error("", "(unknown module)"))
1611185183956	Marionette	INFO	Listening on port 56131
1611185184419	Marionette	WARN	TLS certificate errors will be ignored for this session
JavaScript error: resource://gre/actors/AutoCompleteChild.jsm, line 125: Error: Invalid autocomplete selectedIndex
1611185187018	Marionette	INFO	Stopped listening on port 56131
1611185187873	geckodriver	INFO	Listening on 127.0.0.1:56208
1611185190940	mozrunner::runner	INFO	Running command: "C:\\Program Files\\Mozilla Firefox\\firefox.exe" "--marionette" "--headless" "window-size=1600x900" "-foreground" "-no-remote" "-profile" "C:\\Users\\manuo\\AppData\\Local\\Temp\\rust_mozprofileIe1W4Q"
*** You are running in headless mode.
console.warn: SearchSettings: "get: No settings file exists, new profile?" (new Error("", "(unknown module)"))
1611185192492	Marionette	INFO	Listening on port 56216
1611185192978	Marionette	WARN	TLS certificate errors will be ignored for this session
1611185197602	Marionette	INFO	Stopped listening on port 56216
1611315948411	geckodriver	INFO	Listening on 127.0.0.1:62147
1611315951463	mozrunner::runner	INFO	Running command: "C:\\Program Files\\Mozilla Firefox\\firefox.exe" "--marionette" "--headless" "window-size=1600x900" "-foreground" "-no-remote" "-profile" "C:\\Users\\manuo\\AppData\\Local\\Temp\\rust_mozprofilet4UGEy"
*** You are running in headless mode.
console.warn: SearchSettings: "get: No settings file exists, new profile?" (new Error("", "(unknown module)"))
1611315952985	Marionette	INFO	Listening on port 62155
1611315953500	Marionette	WARN	TLS certificate errors will be ignored for this session
JavaScript error: resource://gre/actors/AutoCompleteChild.jsm, line 125: Error: Invalid autocomplete selectedIndex
1611315956677	Marionette	INFO	Stopped listening on port 62155
JavaScript error: resource://activity-stream/lib/ASRouter.jsm, line 987: NS_ERROR_ILLEGAL_VALUE: Component returned failure code: 0x80070057 (NS_ERROR_ILLEGAL_VALUE) [nsIObserverService.removeObserver]
1611315957500	geckodriver	INFO	Listening on 127.0.0.1:62229
1611315960586	mozrunner::runner	INFO	Running command: "C:\\Program Files\\Mozilla Firefox\\firefox.exe" "--marionette" "--headless" "window-size=1600x900" "-foreground" "-no-remote" "-profile" "C:\\Users\\manuo\\AppData\\Local\\Temp\\rust_mozprofileEtUimO"
*** You are running in headless mode.
console.warn: SearchSettings: "get: No settings file exists, new profile?" (new Error("", "(unknown module)"))
1611315962249	Marionette	INFO	Listening on port 62237
1611315962624	Marionette	WARN	TLS certificate errors will be ignored for this session
1611315967158	Marionette	INFO	Stopped listening on port 62237
1611316117790	geckodriver	INFO	Listening on 127.0.0.1:62350
1611316120832	mozrunner::runner	INFO	Running command: "C:\\Program Files\\Mozilla Firefox\\firefox.exe" "--marionette" "--headless" "window-size=1600x900" "-foreground" "-no-remote" "-profile" "C:\\Users\\manuo\\AppData\\Local\\Temp\\rust_mozprofileEcuzJr"
*** You are running in headless mode.
console.warn: SearchSettings: "get: No settings file exists, new profile?" (new Error("", "(unknown module)"))
1611316122493	Marionette	INFO	Listening on port 62359
1611316122887	Marionette	WARN	TLS certificate errors will be ignored for this session
JavaScript error: resource://gre/actors/AutoCompleteChild.jsm, line 125: Error: Invalid autocomplete selectedIndex
1611316126724	Marionette	INFO	Stopped listening on port 62359
1611316128416	geckodriver	INFO	Listening on 127.0.0.1:62443
1611316131477	mozrunner::runner	INFO	Running command: "C:\\Program Files\\Mozilla Firefox\\firefox.exe" "--marionette" "--headless" "window-size=1600x900" "-foreground" "-no-remote" "-profile" "C:\\Users\\manuo\\AppData\\Local\\Temp\\rust_mozprofile4IGPlN"
*** You are running in headless mode.
console.warn: SearchSettings: "get: No settings file exists, new profile?" (new Error("", "(unknown module)"))
1611316133915	Marionette	INFO	Listening on port 62453
1611316134154	Marionette	WARN	TLS certificate errors will be ignored for this session
1611316138988	Marionette	INFO	Stopped listening on port 62453
1612214798599	geckodriver	INFO	Listening on 127.0.0.1:42189
1612214798602	mozrunner::runner	INFO	Running command: "/usr/bin/firefox" "--marionette" "--headless" "window-size=1600x900" "-foreground" "-no-remote" "-profile" "/tmp/rust_mozprofile6f4dBJ"
*** You are running in headless mode.

(firefox:44276): GLib-GObject-WARNING **: 22:26:42.091: invalid (NULL) pointer instance

(firefox:44276): GLib-GObject-CRITICAL **: 22:26:42.091: g_signal_connect_data: assertion 'G_TYPE_CHECK_INSTANCE (instance)' failed

(/usr/lib/firefox/firefox:44387): GLib-GObject-WARNING **: 22:26:43.515: invalid (NULL) pointer instance

(/usr/lib/firefox/firefox:44387): GLib-GObject-CRITICAL **: 22:26:43.516: g_signal_connect_data: assertion 'G_TYPE_CHECK_INSTANCE (instance)' failed

(/usr/lib/firefox/firefox:44409): GLib-GObject-WARNING **: 22:26:43.590: invalid (NULL) pointer instance

(/usr/lib/firefox/firefox:44409): GLib-GObject-CRITICAL **: 22:26:43.590: g_signal_connect_data: assertion 'G_TYPE_CHECK_INSTANCE (instance)' failed
console.warn: SearchSettings: "get: No settings file exists, new profile?" (new Error("", "(unknown module)"))

(/usr/lib/firefox/firefox:44490): GLib-GObject-WARNING **: 22:26:48.109: invalid (NULL) pointer instance

(/usr/lib/firefox/firefox:44490): GLib-GObject-CRITICAL **: 22:26:48.109: g_signal_connect_data: assertion 'G_TYPE_CHECK_INSTANCE (instance)' failed
1612214808163	Marionette	INFO	Listening on port 40931
1612214808732	Marionette	WARN	TLS certificate errors will be ignored for this session
JavaScript error: resource://gre/actors/AutoCompleteChild.jsm, line 125: Error: Invalid autocomplete selectedIndex
1612214906210	Marionette	INFO	Stopped listening on port 40931
JavaScript error: resource://activity-stream/lib/ASRouter.jsm, line 987: NS_ERROR_ILLEGAL_VALUE: Component returned failure code: 0x80070057 (NS_ERROR_ILLEGAL_VALUE) [nsIObserverService.removeObserver]
1612215335333	geckodriver	INFO	Listening on 127.0.0.1:35577
1612215335336	mozrunner::runner	INFO	Running command: "/usr/bin/firefox" "--marionette" "--headless" "window-size=1600x900" "-foreground" "-no-remote" "-profile" "/tmp/rust_mozprofilelFM708"
*** You are running in headless mode.

(firefox:44797): GLib-GObject-WARNING **: 22:35:46.348: invalid (NULL) pointer instance

(firefox:44797): GLib-GObject-CRITICAL **: 22:35:46.348: g_signal_connect_data: assertion 'G_TYPE_CHECK_INSTANCE (instance)' failed

(/usr/lib/firefox/firefox:44898): GLib-GObject-WARNING **: 22:35:46.703: invalid (NULL) pointer instance

(/usr/lib/firefox/firefox:44898): GLib-GObject-CRITICAL **: 22:35:46.703: g_signal_connect_data: assertion 'G_TYPE_CHECK_INSTANCE (instance)' failed

(/usr/lib/firefox/firefox:44919): GLib-GObject-WARNING **: 22:35:46.769: invalid (NULL) pointer instance

(/usr/lib/firefox/firefox:44919): GLib-GObject-CRITICAL **: 22:35:46.769: g_signal_connect_data: assertion 'G_TYPE_CHECK_INSTANCE (instance)' failed
console.warn: SearchSettings: "get: No settings file exists, new profile?" (new Error("", "(unknown module)"))
console.error: Region.jsm: "Error fetching region" (new Error("TIMEOUT", "resource://gre/modules/Region.jsm", 726))
console.error: Region.jsm: "Failed to fetch region" (new Error("TIMEOUT", "resource://gre/modules/Region.jsm", 376))

(/usr/lib/firefox/firefox:45007): GLib-GObject-WARNING **: 22:36:07.368: invalid (NULL) pointer instance

(/usr/lib/firefox/firefox:45007): GLib-GObject-CRITICAL **: 22:36:07.368: g_signal_connect_data: assertion 'G_TYPE_CHECK_INSTANCE (instance)' failed
1612215367566	Marionette	INFO	Listening on port 41337
1612215367605	Marionette	WARN	TLS certificate errors will be ignored for this session
JavaScript error: resource://gre/actors/AutoCompleteChild.jsm, line 125: Error: Invalid autocomplete selectedIndex
1612215507170	Marionette	INFO	Stopped listening on port 41337
JavaScript error: resource://activity-stream/lib/ASRouter.jsm, line 987: NS_ERROR_ILLEGAL_VALUE: Component returned failure code: 0x80070057 (NS_ERROR_ILLEGAL_VALUE) [nsIObserverService.removeObserver]
1612215514710	geckodriver	INFO	Listening on 127.0.0.1:53215
1612215514714	mozrunner::runner	INFO	Running command: "/usr/bin/firefox" "--marionette" "--headless" "window-size=1600x900" "-foreground" "-no-remote" "-profile" "/tmp/rust_mozprofileeVjdRJ"
*** You are running in headless mode.

(firefox:45177): GLib-GObject-WARNING **: 22:38:53.839: invalid (NULL) pointer instance

(firefox:45177): GLib-GObject-CRITICAL **: 22:38:53.839: g_signal_connect_data: assertion 'G_TYPE_CHECK_INSTANCE (instance)' failed

(/usr/lib/firefox/firefox:45287): GLib-GObject-WARNING **: 22:38:54.219: invalid (NULL) pointer instance

(/usr/lib/firefox/firefox:45287): GLib-GObject-CRITICAL **: 22:38:54.219: g_signal_connect_data: assertion 'G_TYPE_CHECK_INSTANCE (instance)' failed

(/usr/lib/firefox/firefox:45309): GLib-GObject-WARNING **: 22:38:54.291: invalid (NULL) pointer instance

(/usr/lib/firefox/firefox:45309): GLib-GObject-CRITICAL **: 22:38:54.291: g_signal_connect_data: assertion 'G_TYPE_CHECK_INSTANCE (instance)' failed
console.warn: SearchSettings: "get: No settings file exists, new profile?" (new Error("", "(unknown module)"))

(/usr/lib/firefox/firefox:45397): GLib-GObject-WARNING **: 22:39:12.931: invalid (NULL) pointer instance

(/usr/lib/firefox/firefox:45397): GLib-GObject-CRITICAL **: 22:39:12.931: g_signal_connect_data: assertion 'G_TYPE_CHECK_INSTANCE (instance)' failed
1612215552985	Marionette	INFO	Listening on port 40615
1612215553122	Marionette	WARN	TLS certificate errors will be ignored for this session
1612215640804	Marionette	INFO	Stopped listening on port 40615
JavaScript error: resource://activity-stream/lib/ASRouter.jsm, line 987: NS_ERROR_ILLEGAL_VALUE: Component returned failure code: 0x80070057 (NS_ERROR_ILLEGAL_VALUE) [nsIObserverService.removeObserver]
1612216473095	geckodriver	INFO	Listening on 127.0.0.1:42097
1612216473099	mozrunner::runner	INFO	Running command: "/usr/bin/firefox" "--marionette" "--headless" "window-size=1600x900" "-foreground" "-no-remote" "-profile" "/tmp/rust_mozprofile6UpcSy"
*** You are running in headless mode.

(firefox:45921): GLib-GObject-WARNING **: 22:54:35.422: invalid (NULL) pointer instance

(firefox:45921): GLib-GObject-CRITICAL **: 22:54:35.422: g_signal_connect_data: assertion 'G_TYPE_CHECK_INSTANCE (instance)' failed

(/usr/lib/firefox/firefox:45989): GLib-GObject-WARNING **: 22:54:35.751: invalid (NULL) pointer instance

(/usr/lib/firefox/firefox:45989): GLib-GObject-CRITICAL **: 22:54:35.751: g_signal_connect_data: assertion 'G_TYPE_CHECK_INSTANCE (instance)' failed

(/usr/lib/firefox/firefox:46045): GLib-GObject-WARNING **: 22:54:35.864: invalid (NULL) pointer instance

(/usr/lib/firefox/firefox:46045): GLib-GObject-CRITICAL **: 22:54:35.864: g_signal_connect_data: assertion 'G_TYPE_CHECK_INSTANCE (instance)' failed
console.warn: SearchSettings: "get: No settings file exists, new profile?" (new Error("", "(unknown module)"))

(/usr/lib/firefox/firefox:46120): GLib-GObject-WARNING **: 22:54:40.863: invalid (NULL) pointer instance

(/usr/lib/firefox/firefox:46120): GLib-GObject-CRITICAL **: 22:54:40.863: g_signal_connect_data: assertion 'G_TYPE_CHECK_INSTANCE (instance)' failed
1612216480896	Marionette	INFO	Listening on port 35955
1612216480949	Marionette	WARN	TLS certificate errors will be ignored for this session
JavaScript error: resource://gre/actors/AutoCompleteChild.jsm, line 125: Error: Invalid autocomplete selectedIndex
1612216582587	Marionette	INFO	Stopped listening on port 35955
JavaScript error: resource://activity-stream/lib/ASRouter.jsm, line 987: NS_ERROR_ILLEGAL_VALUE: Component returned failure code: 0x80070057 (NS_ERROR_ILLEGAL_VALUE) [nsIObserverService.removeObserver]
1612216588616	geckodriver	INFO	Listening on 127.0.0.1:50051
1612216588620	mozrunner::runner	INFO	Running command: "/usr/bin/firefox" "--marionette" "--headless" "window-size=1600x900" "-foreground" "-no-remote" "-profile" "/tmp/rust_mozprofileB07Fo2"
*** You are running in headless mode.

(firefox:46274): GLib-GObject-WARNING **: 22:56:43.730: invalid (NULL) pointer instance

(firefox:46274): GLib-GObject-CRITICAL **: 22:56:43.730: g_signal_connect_data: assertion 'G_TYPE_CHECK_INSTANCE (instance)' failed

(/usr/lib/firefox/firefox:46370): GLib-GObject-WARNING **: 22:56:44.128: invalid (NULL) pointer instance

(/usr/lib/firefox/firefox:46370): GLib-GObject-CRITICAL **: 22:56:44.128: g_signal_connect_data: assertion 'G_TYPE_CHECK_INSTANCE (instance)' failed

(/usr/lib/firefox/firefox:46391): GLib-GObject-WARNING **: 22:56:44.202: invalid (NULL) pointer instance

(/usr/lib/firefox/firefox:46391): GLib-GObject-CRITICAL **: 22:56:44.202: g_signal_connect_data: assertion 'G_TYPE_CHECK_INSTANCE (instance)' failed
console.warn: SearchSettings: "get: No settings file exists, new profile?" (new Error("", "(unknown module)"))
console.error: Region.jsm: "Error fetching region" (new Error("TIMEOUT", "resource://gre/modules/Region.jsm", 726))
console.error: Region.jsm: "Failed to fetch region" (new Error("TIMEOUT", "resource://gre/modules/Region.jsm", 376))

(/usr/lib/firefox/firefox:46477): GLib-GObject-WARNING **: 22:57:02.608: invalid (NULL) pointer instance

(/usr/lib/firefox/firefox:46477): GLib-GObject-CRITICAL **: 22:57:02.608: g_signal_connect_data: assertion 'G_TYPE_CHECK_INSTANCE (instance)' failed
1612216622677	Marionette	INFO	Listening on port 46025
1612216622701	Marionette	WARN	TLS certificate errors will be ignored for this session
1612216712541	Marionette	INFO	Stopped listening on port 46025
JavaScript error: resource://activity-stream/lib/ASRouter.jsm, line 987: NS_ERROR_ILLEGAL_VALUE: Component returned failure code: 0x80070057 (NS_ERROR_ILLEGAL_VALUE) [nsIObserverService.removeObserver]
1612384232703	geckodriver	INFO	Listening on 127.0.0.1:49409
1612384233702	mozrunner::runner	INFO	Running command: "/usr/bin/firefox" "--marionette" "--headless" "window-size=1600x900" "-foreground" "-no-remote" "-profile" "/tmp/rust_mozprofileyPaVcn"
*** You are running in headless mode.
console.warn: SearchSettings: "get: No settings file exists, new profile?" (new Error("", "(unknown module)"))
console.error: Region.jsm: "Error fetching region" (new Error("TIMEOUT", "resource://gre/modules/Region.jsm", 775))
console.error: Region.jsm: "Failed to fetch region" (new Error("TIMEOUT", "resource://gre/modules/Region.jsm", 422))
1612384252847	Marionette	INFO	Listening on port 39753
1612384253124	Marionette	WARN	TLS certificate errors will be ignored for this session
1612384253137	Marionette	ERROR	[15] No reply from Marionette:Register
JavaScript error: resource://gre/actors/AutoCompleteChild.jsm, line 125: Error: Invalid autocomplete selectedIndex
1612384347746	Marionette	INFO	Stopped listening on port 39753
JavaScript error: resource://activity-stream/lib/ASRouter.jsm, line 987: NS_ERROR_ILLEGAL_VALUE: Component returned failure code: 0x80070057 (NS_ERROR_ILLEGAL_VALUE) [nsIObserverService.removeObserver]
1612384350865	geckodriver	INFO	Listening on 127.0.0.1:38003
1612384350876	mozrunner::runner	INFO	Running command: "/usr/bin/firefox" "--marionette" "--headless" "window-size=1600x900" "-foreground" "-no-remote" "-profile" "/tmp/rust_mozprofileKI5IHK"
*** You are running in headless mode.
console.warn: SearchSettings: "get: No settings file exists, new profile?" (new Error("", "(unknown module)"))
console.error: Region.jsm: "Error fetching region" (new Error("TIMEOUT", "resource://gre/modules/Region.jsm", 775))
console.error: Region.jsm: "Failed to fetch region" (new Error("TIMEOUT", "resource://gre/modules/Region.jsm", 422))
1612384382017	Marionette	INFO	Listening on port 33937
1612384382080	Marionette	WARN	TLS certificate errors will be ignored for this session
1612384382090	Marionette	ERROR	[15] No reply from Marionette:Register
1612384481922	Marionette	INFO	Stopped listening on port 33937
JavaScript error: resource://activity-stream/lib/ASRouter.jsm, line 987: NS_ERROR_ILLEGAL_VALUE: Component returned failure code: 0x80070057 (NS_ERROR_ILLEGAL_VALUE) [nsIObserverService.removeObserver]

###!!! [Parent][RunMessage] Error: Channel closing: too late to send/recv, messages will be lost

